<?xml version="1.0" encoding="UTF-8"?>
<!-- Generated by org.testng.reporters.JUnitXMLReporter -->
<testsuite hostname="IT364925" ignored="0" name="Default test" tests="5" failures="0" timestamp="25 Sep 2018 04:44:08 GMT" time="22.715" errors="0">
  <testcase name="loginVerification" time="0.006" classname="com.dataprovider.DataProviderEx"/>
  <testcase name="loginVerification" time="0.001" classname="com.dataprovider.DataProviderEx"/>
  <testcase name="loginVerification" time="0.001" classname="com.dataprovider.DataProviderEx"/>
  <testcase name="loginVerification" time="0.002" classname="com.dataprovider.DataProviderEx"/>
  <testcase name="loginVerification" time="0.001" classname="com.dataprovider.DataProviderEx"/>
</testsuite> <!-- Default test -->
