<?xml version="1.0" encoding="UTF-8"?>
<testng-results skipped="0" failed="0" ignored="0" total="1" passed="1">
  <reporter-output>
  </reporter-output>
  <suite name="Default suite" duration-ms="3910" started-at="2018-10-04T22:10:26Z" finished-at="2018-10-04T22:10:30Z">
    <groups>
    </groups>
    <test name="Default test" duration-ms="3910" started-at="2018-10-04T22:10:26Z" finished-at="2018-10-04T22:10:30Z">
      <class name="com.RestAssured.app.RestAssuredCreateIssueTC1">
        <test-method status="PASS" signature="createIssue()[pri:0, instance:com.RestAssured.app.RestAssuredCreateIssueTC1@dc24521]" name="createIssue" duration-ms="3872" started-at="2018-10-04T22:10:26Z" finished-at="2018-10-04T22:10:30Z">
          <reporter-output>
          </reporter-output>
        </test-method> <!-- createIssue -->
      </class> <!-- com.RestAssured.app.RestAssuredCreateIssueTC1 -->
    </test> <!-- Default test -->
  </suite> <!-- Default suite -->
</testng-results>
