<?xml version="1.0" encoding="UTF-8"?>
<!-- Generated by org.testng.reporters.JUnitXMLReporter -->
<testsuite hostname="IT364925" ignored="0" name="RestAssuredTest" tests="4" failures="0" timestamp="13 Sep 2018 10:08:33 GMT" time="2.855" errors="0">
  <testcase name="createIssue" time="2.472" classname="com.RestAssured.app.RestAssuredCreateIssueTC1"/>
  <testcase name="addComments" time="0.177" classname="com.RestAssured.app.RestAssuredCommentsTC2"/>
  <testcase name="updateComments" time="0.155" classname="com.RestAssured.app.RestAssuredCommentsTC2"/>
  <testcase name="testApp" time="0.005" classname="com.RestAssured.app.AppTest"/>
</testsuite> <!-- RestAssuredTest -->
