<?xml version="1.0" encoding="UTF-8"?>
<!-- Generated by org.testng.reporters.JUnitXMLReporter -->
<testsuite hostname="IT364925" ignored="0" name="RestAssuredTest" tests="4" failures="0" timestamp="04 Oct 2018 03:10:28 GMT" time="3.37" errors="0">
  <testcase name="createIssue" time="2.974" classname="com.RestAssured.app.RestAssuredCreateIssueTC1"/>
  <testcase name="addComments" time="0.194" classname="com.RestAssured.app.RestAssuredCommentsTC2"/>
  <testcase name="updateComments" time="0.16" classname="com.RestAssured.app.RestAssuredCommentsTC2"/>
  <testcase name="testApp" time="0.007" classname="com.RestAssured.app.AppTest"/>
</testsuite> <!-- RestAssuredTest -->
