<?xml version="1.0" encoding="UTF-8"?>
<testng-results skipped="0" failed="0" ignored="0" total="1" passed="1">
  <reporter-output>
  </reporter-output>
  <suite name="Suite" duration-ms="563" started-at="2018-09-04T02:36:23Z" finished-at="2018-09-04T02:36:24Z">
    <groups>
    </groups>
    <test name="Test" duration-ms="563" started-at="2018-09-04T02:36:23Z" finished-at="2018-09-04T02:36:24Z">
      <class name="ExcelTestPackage.ExcelTestTwo">
        <test-method status="PASS" signature="testMethodTwo()[pri:0, instance:ExcelTestPackage.ExcelTestTwo@314c508a]" name="testMethodTwo" duration-ms="536" started-at="2018-09-04T02:36:23Z" finished-at="2018-09-04T02:36:24Z">
          <reporter-output>
          </reporter-output>
        </test-method> <!-- testMethodTwo -->
      </class> <!-- ExcelTestPackage.ExcelTestTwo -->
    </test> <!-- Test -->
  </suite> <!-- Suite -->
</testng-results>
